c:\mygames\firstrugielikedankaise\build-pc\isaac.dir\release\itemlist.obj
c:\mygames\firstrugielikedankaise\build-pc\isaac.dir\release\roomtemplateloader.obj
c:\mygames\firstrugielikedankaise\build-pc\isaac.dir\release\map.obj
c:\mygames\firstrugielikedankaise\build-pc\isaac.dir\release\floor.obj
c:\mygames\firstrugielikedankaise\build-pc\isaac.dir\release\bomb.obj
c:\mygames\firstrugielikedankaise\build-pc\isaac.dir\release\tear.obj
c:\mygames\firstrugielikedankaise\build-pc\isaac.dir\release\hud.obj
c:\mygames\firstrugielikedankaise\build-pc\isaac.dir\release\boss.obj
c:\mygames\firstrugielikedankaise\build-pc\isaac.dir\release\leech.obj
c:\mygames\firstrugielikedankaise\build-pc\isaac.dir\release\knight.obj
c:\mygames\firstrugielikedankaise\build-pc\isaac.dir\release\spider.obj
c:\mygames\firstrugielikedankaise\build-pc\isaac.dir\release\fly.obj
c:\mygames\firstrugielikedankaise\build-pc\isaac.dir\release\monster.obj
c:\mygames\firstrugielikedankaise\build-pc\isaac.dir\release\game.obj
c:\mygames\firstrugielikedankaise\build-pc\isaac.dir\release\main.obj
c:\mygames\firstrugielikedankaise\build-pc\isaac.dir\release\room.obj
c:\mygames\firstrugielikedankaise\build-pc\isaac.dir\release\player.obj
c:\mygames\firstrugielikedankaise\build-pc\isaac.dir\release\monsterloader.obj
c:\mygames\firstrugielikedankaise\build-pc\cmakefiles\generate.stamp
c:\mygames\firstrugielikedankaise\build-pc\bin\release\isaac.exe
c:\mygames\firstrugielikedankaise\build-pc\isaac.dir\release\isaac.tlog\cl.command.1.tlog
c:\mygames\firstrugielikedankaise\build-pc\isaac.dir\release\isaac.tlog\cl.items.tlog
c:\mygames\firstrugielikedankaise\build-pc\isaac.dir\release\isaac.tlog\cl.read.1.tlog
c:\mygames\firstrugielikedankaise\build-pc\isaac.dir\release\isaac.tlog\cl.write.1.tlog
c:\mygames\firstrugielikedankaise\build-pc\isaac.dir\release\isaac.tlog\custombuild.command.1.tlog
c:\mygames\firstrugielikedankaise\build-pc\isaac.dir\release\isaac.tlog\custombuild.read.1.tlog
c:\mygames\firstrugielikedankaise\build-pc\isaac.dir\release\isaac.tlog\custombuild.write.1.tlog
c:\mygames\firstrugielikedankaise\build-pc\isaac.dir\release\isaac.tlog\link.command.1.tlog
c:\mygames\firstrugielikedankaise\build-pc\isaac.dir\release\isaac.tlog\link.read.1.tlog
c:\mygames\firstrugielikedankaise\build-pc\isaac.dir\release\isaac.tlog\link.secondary.1.tlog
c:\mygames\firstrugielikedankaise\build-pc\isaac.dir\release\isaac.tlog\link.write.1.tlog
