c:\mygames\firstrugielikedankaise\build-pc\cmakefiles\generate.stamp
c:\mygames\firstrugielikedankaise\build-pc\_deps\sfml-build\cmakefiles\generate.stamp
c:\mygames\firstrugielikedankaise\build-pc\_deps\sfml-build\src\sfml\cmakefiles\generate.stamp
c:\mygames\firstrugielikedankaise\build-pc\_deps\sfml-build\src\sfml\system\cmakefiles\generate.stamp
c:\mygames\firstrugielikedankaise\build-pc\_deps\sfml-build\src\sfml\main\cmakefiles\generate.stamp
c:\mygames\firstrugielikedankaise\build-pc\_deps\sfml-build\src\sfml\window\cmakefiles\generate.stamp
c:\mygames\firstrugielikedankaise\build-pc\_deps\sfml-build\src\sfml\network\cmakefiles\generate.stamp
c:\mygames\firstrugielikedankaise\build-pc\_deps\sfml-build\src\sfml\graphics\cmakefiles\generate.stamp
c:\mygames\firstrugielikedankaise\build-pc\_deps\freetype-build\cmakefiles\generate.stamp
c:\mygames\firstrugielikedankaise\build-pc\_deps\sfml-build\src\sfml\audio\cmakefiles\generate.stamp
c:\mygames\firstrugielikedankaise\build-pc\_deps\ogg-build\cmakefiles\generate.stamp
c:\mygames\firstrugielikedankaise\build-pc\_deps\flac-build\cmakefiles\generate.stamp
c:\mygames\firstrugielikedankaise\build-pc\_deps\flac-build\src\cmakefiles\generate.stamp
c:\mygames\firstrugielikedankaise\build-pc\_deps\flac-build\src\libflac\cmakefiles\generate.stamp
c:\mygames\firstrugielikedankaise\build-pc\_deps\flac-build\microbench\cmakefiles\generate.stamp
c:\mygames\firstrugielikedankaise\build-pc\_deps\vorbis-build\cmakefiles\generate.stamp
c:\mygames\firstrugielikedankaise\build-pc\_deps\vorbis-build\lib\cmakefiles\generate.stamp
c:\mygames\firstrugielikedankaise\build-pc\x64\release\zero_check\zero_check.tlog\custombuild.command.1.tlog
c:\mygames\firstrugielikedankaise\build-pc\x64\release\zero_check\zero_check.tlog\custombuild.read.1.tlog
c:\mygames\firstrugielikedankaise\build-pc\x64\release\zero_check\zero_check.tlog\custombuild.write.1.tlog
