c:\mygames\firstrugielikedankaise\build-pc\_deps\sfml-build\src\sfml\audio\sfml-audio.dir\release\soundfilereaderwav.obj
c:\mygames\firstrugielikedankaise\build-pc\_deps\sfml-build\src\sfml\audio\sfml-audio.dir\release\soundfilereaderogg.obj
c:\mygames\firstrugielikedankaise\build-pc\_deps\sfml-build\src\sfml\audio\sfml-audio.dir\release\soundfilereadermp3.obj
c:\mygames\firstrugielikedankaise\build-pc\_deps\sfml-build\src\sfml\audio\sfml-audio.dir\release\soundfilereaderflac.obj
c:\mygames\firstrugielikedankaise\build-pc\_deps\sfml-build\src\sfml\audio\sfml-audio.dir\release\soundfilefactory.obj
c:\mygames\firstrugielikedankaise\build-pc\_deps\sfml-build\src\sfml\audio\sfml-audio.dir\release\soundstream.obj
c:\mygames\firstrugielikedankaise\build-pc\_deps\sfml-build\src\sfml\audio\sfml-audio.dir\release\soundsource.obj
c:\mygames\firstrugielikedankaise\build-pc\_deps\sfml-build\src\sfml\audio\sfml-audio.dir\release\soundrecorder.obj
c:\mygames\firstrugielikedankaise\build-pc\_deps\sfml-build\src\sfml\audio\sfml-audio.dir\release\outputsoundfile.obj
c:\mygames\firstrugielikedankaise\build-pc\_deps\sfml-build\src\sfml\audio\sfml-audio.dir\release\inputsoundfile.obj
c:\mygames\firstrugielikedankaise\build-pc\_deps\sfml-build\src\sfml\audio\sfml-audio.dir\release\soundbufferrecorder.obj
c:\mygames\firstrugielikedankaise\build-pc\_deps\sfml-build\src\sfml\audio\sfml-audio.dir\release\soundbuffer.obj
c:\mygames\firstrugielikedankaise\build-pc\_deps\sfml-build\src\sfml\audio\sfml-audio.dir\release\sound.obj
c:\mygames\firstrugielikedankaise\build-pc\_deps\sfml-build\src\sfml\audio\sfml-audio.dir\release\playbackdevice.obj
c:\mygames\firstrugielikedankaise\build-pc\_deps\sfml-build\src\sfml\audio\sfml-audio.dir\release\music.obj
c:\mygames\firstrugielikedankaise\build-pc\_deps\sfml-build\src\sfml\audio\sfml-audio.dir\release\miniaudioutils.obj
c:\mygames\firstrugielikedankaise\build-pc\_deps\sfml-build\src\sfml\audio\sfml-audio.dir\release\miniaudio.obj
c:\mygames\firstrugielikedankaise\build-pc\_deps\sfml-build\src\sfml\audio\sfml-audio.dir\release\listener.obj
c:\mygames\firstrugielikedankaise\build-pc\_deps\sfml-build\src\sfml\audio\sfml-audio.dir\release\audiodevice.obj
c:\mygames\firstrugielikedankaise\build-pc\_deps\sfml-build\src\sfml\audio\sfml-audio.dir\release\audioresource.obj
c:\mygames\firstrugielikedankaise\build-pc\_deps\sfml-build\src\sfml\audio\sfml-audio.dir\release\soundfilewriterwav.obj
c:\mygames\firstrugielikedankaise\build-pc\_deps\sfml-build\src\sfml\audio\sfml-audio.dir\release\soundfilewriterogg.obj
c:\mygames\firstrugielikedankaise\build-pc\_deps\sfml-build\src\sfml\audio\sfml-audio.dir\release\soundfilewriterflac.obj
c:\mygames\firstrugielikedankaise\build-pc\_deps\sfml-build\src\sfml\audio\cmakefiles\generate.stamp
c:\mygames\firstrugielikedankaise\build-pc\_deps\sfml-build\lib\release\sfml-audio-s.lib
c:\mygames\firstrugielikedankaise\build-pc\_deps\sfml-build\src\sfml\audio\sfml-audio.dir\release\sfml-audio.tlog\cl.command.1.tlog
c:\mygames\firstrugielikedankaise\build-pc\_deps\sfml-build\src\sfml\audio\sfml-audio.dir\release\sfml-audio.tlog\cl.items.tlog
c:\mygames\firstrugielikedankaise\build-pc\_deps\sfml-build\src\sfml\audio\sfml-audio.dir\release\sfml-audio.tlog\cl.read.1.tlog
c:\mygames\firstrugielikedankaise\build-pc\_deps\sfml-build\src\sfml\audio\sfml-audio.dir\release\sfml-audio.tlog\cl.write.1.tlog
c:\mygames\firstrugielikedankaise\build-pc\_deps\sfml-build\src\sfml\audio\sfml-audio.dir\release\sfml-audio.tlog\custombuild.command.1.tlog
c:\mygames\firstrugielikedankaise\build-pc\_deps\sfml-build\src\sfml\audio\sfml-audio.dir\release\sfml-audio.tlog\custombuild.read.1.tlog
c:\mygames\firstrugielikedankaise\build-pc\_deps\sfml-build\src\sfml\audio\sfml-audio.dir\release\sfml-audio.tlog\custombuild.write.1.tlog
c:\mygames\firstrugielikedankaise\build-pc\_deps\sfml-build\src\sfml\audio\sfml-audio.dir\release\sfml-audio.tlog\lib-link.read.1.tlog
c:\mygames\firstrugielikedankaise\build-pc\_deps\sfml-build\src\sfml\audio\sfml-audio.dir\release\sfml-audio.tlog\lib-link.write.1.tlog
c:\mygames\firstrugielikedankaise\build-pc\_deps\sfml-build\src\sfml\audio\sfml-audio.dir\release\sfml-audio.tlog\lib.command.1.tlog
