c:\mygames\firstrugielikedankaise\build-pc\_deps\flac-build\src\libflac\flac.dir\release\memory.obj
c:\mygames\firstrugielikedankaise\build-pc\_deps\flac-build\src\libflac\flac.dir\release\md5.obj
c:\mygames\firstrugielikedankaise\build-pc\_deps\flac-build\src\libflac\flac.dir\release\lpc_intrin_fma.obj
c:\mygames\firstrugielikedankaise\build-pc\_deps\flac-build\src\libflac\flac.dir\release\lpc_intrin_avx2.obj
c:\mygames\firstrugielikedankaise\build-pc\_deps\flac-build\src\libflac\flac.dir\release\lpc_intrin_sse41.obj
c:\mygames\firstrugielikedankaise\build-pc\_deps\flac-build\src\libflac\flac.dir\release\lpc_intrin_sse2.obj
c:\mygames\firstrugielikedankaise\build-pc\_deps\flac-build\src\libflac\flac.dir\release\lpc_intrin_neon.obj
c:\mygames\firstrugielikedankaise\build-pc\_deps\flac-build\src\libflac\flac.dir\release\lpc.obj
c:\mygames\firstrugielikedankaise\build-pc\_deps\flac-build\src\libflac\flac.dir\release\format.obj
c:\mygames\firstrugielikedankaise\build-pc\_deps\flac-build\src\libflac\flac.dir\release\float.obj
c:\mygames\firstrugielikedankaise\build-pc\_deps\flac-build\src\libflac\flac.dir\release\fixed_intrin_avx2.obj
c:\mygames\firstrugielikedankaise\build-pc\_deps\flac-build\src\libflac\flac.dir\release\fixed_intrin_sse42.obj
c:\mygames\firstrugielikedankaise\build-pc\_deps\flac-build\src\libflac\flac.dir\release\fixed_intrin_ssse3.obj
c:\mygames\firstrugielikedankaise\build-pc\_deps\flac-build\src\libflac\flac.dir\release\fixed_intrin_sse2.obj
c:\mygames\firstrugielikedankaise\build-pc\_deps\flac-build\src\libflac\flac.dir\release\fixed.obj
c:\mygames\firstrugielikedankaise\build-pc\_deps\flac-build\src\libflac\flac.dir\release\crc.obj
c:\mygames\firstrugielikedankaise\build-pc\_deps\flac-build\src\libflac\flac.dir\release\cpu.obj
c:\mygames\firstrugielikedankaise\build-pc\_deps\flac-build\src\libflac\flac.dir\release\bitwriter.obj
c:\mygames\firstrugielikedankaise\build-pc\_deps\flac-build\src\libflac\flac.dir\release\bitreader.obj
c:\mygames\firstrugielikedankaise\build-pc\_deps\flac-build\src\libflac\flac.dir\release\bitmath.obj
c:\mygames\firstrugielikedankaise\build-pc\_deps\flac-build\src\libflac\flac.dir\release\ogg_mapping.obj
c:\mygames\firstrugielikedankaise\build-pc\_deps\flac-build\src\libflac\flac.dir\release\ogg_helper.obj
c:\mygames\firstrugielikedankaise\build-pc\_deps\flac-build\src\libflac\flac.dir\release\ogg_encoder_aspect.obj
c:\mygames\firstrugielikedankaise\build-pc\_deps\flac-build\src\libflac\flac.dir\release\ogg_decoder_aspect.obj
c:\mygames\firstrugielikedankaise\build-pc\_deps\flac-build\src\libflac\flac.dir\release\win_utf8_io.obj
c:\mygames\firstrugielikedankaise\build-pc\_deps\flac-build\src\libflac\flac.dir\release\window.obj
c:\mygames\firstrugielikedankaise\build-pc\_deps\flac-build\src\libflac\flac.dir\release\stream_encoder_framing.obj
c:\mygames\firstrugielikedankaise\build-pc\_deps\flac-build\src\libflac\flac.dir\release\stream_encoder_intrin_avx2.obj
c:\mygames\firstrugielikedankaise\build-pc\_deps\flac-build\src\libflac\flac.dir\release\stream_encoder_intrin_ssse3.obj
c:\mygames\firstrugielikedankaise\build-pc\_deps\flac-build\src\libflac\flac.dir\release\stream_encoder_intrin_sse2.obj
c:\mygames\firstrugielikedankaise\build-pc\_deps\flac-build\src\libflac\flac.dir\release\stream_encoder.obj
c:\mygames\firstrugielikedankaise\build-pc\_deps\flac-build\src\libflac\flac.dir\release\stream_decoder.obj
c:\mygames\firstrugielikedankaise\build-pc\_deps\flac-build\src\libflac\flac.dir\release\metadata_object.obj
c:\mygames\firstrugielikedankaise\build-pc\_deps\flac-build\src\libflac\flac.dir\release\metadata_iterators.obj
c:\mygames\firstrugielikedankaise\build-pc\_deps\flac-build\src\libflac\cmakefiles\generate.stamp
c:\mygames\firstrugielikedankaise\build-pc\_deps\sfml-build\lib\release\flac.lib
c:\mygames\firstrugielikedankaise\build-pc\_deps\flac-build\src\libflac\flac.dir\release\version.res
c:\mygames\firstrugielikedankaise\build-pc\_deps\flac-build\src\libflac\flac.dir\release\libflac.tlog\cl.command.1.tlog
c:\mygames\firstrugielikedankaise\build-pc\_deps\flac-build\src\libflac\flac.dir\release\libflac.tlog\cl.items.tlog
c:\mygames\firstrugielikedankaise\build-pc\_deps\flac-build\src\libflac\flac.dir\release\libflac.tlog\cl.read.1.tlog
c:\mygames\firstrugielikedankaise\build-pc\_deps\flac-build\src\libflac\flac.dir\release\libflac.tlog\cl.write.1.tlog
c:\mygames\firstrugielikedankaise\build-pc\_deps\flac-build\src\libflac\flac.dir\release\libflac.tlog\custombuild.command.1.tlog
c:\mygames\firstrugielikedankaise\build-pc\_deps\flac-build\src\libflac\flac.dir\release\libflac.tlog\custombuild.read.1.tlog
c:\mygames\firstrugielikedankaise\build-pc\_deps\flac-build\src\libflac\flac.dir\release\libflac.tlog\custombuild.write.1.tlog
c:\mygames\firstrugielikedankaise\build-pc\_deps\flac-build\src\libflac\flac.dir\release\libflac.tlog\lib-link-cvtres.read.1.tlog
c:\mygames\firstrugielikedankaise\build-pc\_deps\flac-build\src\libflac\flac.dir\release\libflac.tlog\lib-link-cvtres.write.1.tlog
c:\mygames\firstrugielikedankaise\build-pc\_deps\flac-build\src\libflac\flac.dir\release\libflac.tlog\lib.command.1.tlog
c:\mygames\firstrugielikedankaise\build-pc\_deps\flac-build\src\libflac\flac.dir\release\libflac.tlog\rc.command.1.tlog
c:\mygames\firstrugielikedankaise\build-pc\_deps\flac-build\src\libflac\flac.dir\release\libflac.tlog\rc.read.1.tlog
c:\mygames\firstrugielikedankaise\build-pc\_deps\flac-build\src\libflac\flac.dir\release\libflac.tlog\rc.write.1.tlog
