c:\mygames\firstrugielikedankaise\build-pc\_deps\freetype-build\freetype.dir\release\bdf.obj
c:\mygames\firstrugielikedankaise\build-pc\_deps\freetype-build\freetype.dir\release\ftwinfnt.obj
c:\mygames\firstrugielikedankaise\build-pc\_deps\freetype-build\freetype.dir\release\fttype1.obj
c:\mygames\firstrugielikedankaise\build-pc\_deps\freetype-build\freetype.dir\release\ftsynth.obj
c:\mygames\firstrugielikedankaise\build-pc\_deps\freetype-build\freetype.dir\release\ftstroke.obj
c:\mygames\firstrugielikedankaise\build-pc\_deps\freetype-build\freetype.dir\release\ftpfr.obj
c:\mygames\firstrugielikedankaise\build-pc\_deps\freetype-build\freetype.dir\release\ftpatent.obj
c:\mygames\firstrugielikedankaise\build-pc\_deps\freetype-build\freetype.dir\release\ftotval.obj
c:\mygames\firstrugielikedankaise\build-pc\_deps\freetype-build\freetype.dir\release\ftmm.obj
c:\mygames\firstrugielikedankaise\build-pc\_deps\freetype-build\freetype.dir\release\ftinit.obj
c:\mygames\firstrugielikedankaise\build-pc\_deps\freetype-build\freetype.dir\release\ftgxval.obj
c:\mygames\firstrugielikedankaise\build-pc\_deps\freetype-build\freetype.dir\release\ftglyph.obj
c:\mygames\firstrugielikedankaise\build-pc\_deps\freetype-build\freetype.dir\release\ftgasp.obj
c:\mygames\firstrugielikedankaise\build-pc\_deps\freetype-build\freetype.dir\release\ftfstype.obj
c:\mygames\firstrugielikedankaise\build-pc\_deps\freetype-build\freetype.dir\release\ftcid.obj
c:\mygames\firstrugielikedankaise\build-pc\_deps\freetype-build\freetype.dir\release\ftbitmap.obj
c:\mygames\firstrugielikedankaise\build-pc\_deps\freetype-build\freetype.dir\release\ftbdf.obj
c:\mygames\firstrugielikedankaise\build-pc\_deps\freetype-build\freetype.dir\release\ftbbox.obj
c:\mygames\firstrugielikedankaise\build-pc\_deps\freetype-build\freetype.dir\release\ftbase.obj
c:\mygames\firstrugielikedankaise\build-pc\_deps\freetype-build\freetype.dir\release\autofit.obj
c:\mygames\firstrugielikedankaise\build-pc\_deps\freetype-build\freetype.dir\release\winfnt.obj
c:\mygames\firstrugielikedankaise\build-pc\_deps\freetype-build\freetype.dir\release\type42.obj
c:\mygames\firstrugielikedankaise\build-pc\_deps\freetype-build\freetype.dir\release\type1.obj
c:\mygames\firstrugielikedankaise\build-pc\_deps\freetype-build\freetype.dir\release\truetype.obj
c:\mygames\firstrugielikedankaise\build-pc\_deps\freetype-build\freetype.dir\release\svg.obj
c:\mygames\firstrugielikedankaise\build-pc\_deps\freetype-build\freetype.dir\release\smooth.obj
c:\mygames\firstrugielikedankaise\build-pc\_deps\freetype-build\freetype.dir\release\sfnt.obj
c:\mygames\firstrugielikedankaise\build-pc\_deps\freetype-build\freetype.dir\release\sdf.obj
c:\mygames\firstrugielikedankaise\build-pc\_deps\freetype-build\freetype.dir\release\raster.obj
c:\mygames\firstrugielikedankaise\build-pc\_deps\freetype-build\freetype.dir\release\psnames.obj
c:\mygames\firstrugielikedankaise\build-pc\_deps\freetype-build\freetype.dir\release\pshinter.obj
c:\mygames\firstrugielikedankaise\build-pc\_deps\freetype-build\freetype.dir\release\psaux.obj
c:\mygames\firstrugielikedankaise\build-pc\_deps\freetype-build\freetype.dir\release\pfr.obj
c:\mygames\firstrugielikedankaise\build-pc\_deps\freetype-build\freetype.dir\release\pcf.obj
c:\mygames\firstrugielikedankaise\build-pc\_deps\freetype-build\freetype.dir\release\ftlzw.obj
c:\mygames\firstrugielikedankaise\build-pc\_deps\freetype-build\freetype.dir\release\ftgzip.obj
c:\mygames\firstrugielikedankaise\build-pc\_deps\freetype-build\freetype.dir\release\type1cid.obj
c:\mygames\firstrugielikedankaise\build-pc\_deps\freetype-build\freetype.dir\release\cff.obj
c:\mygames\firstrugielikedankaise\build-pc\_deps\freetype-build\freetype.dir\release\ftcache.obj
c:\mygames\firstrugielikedankaise\build-pc\_deps\freetype-build\freetype.dir\release\ftbzip2.obj
c:\mygames\firstrugielikedankaise\build-pc\_deps\freetype-build\freetype.dir\release\ftdebug.obj
c:\mygames\firstrugielikedankaise\build-pc\_deps\freetype-build\freetype.dir\release\ftsystem.obj
c:\mygames\firstrugielikedankaise\build-pc\_deps\freetype-build\cmakefiles\generate.stamp
c:\mygames\firstrugielikedankaise\build-pc\_deps\sfml-build\lib\release\freetype.lib
c:\mygames\firstrugielikedankaise\build-pc\_deps\freetype-build\freetype.dir\release\ftver.res
c:\mygames\firstrugielikedankaise\build-pc\_deps\freetype-build\freetype.dir\release\freetype.tlog\cl.command.1.tlog
c:\mygames\firstrugielikedankaise\build-pc\_deps\freetype-build\freetype.dir\release\freetype.tlog\cl.items.tlog
c:\mygames\firstrugielikedankaise\build-pc\_deps\freetype-build\freetype.dir\release\freetype.tlog\cl.read.1.tlog
c:\mygames\firstrugielikedankaise\build-pc\_deps\freetype-build\freetype.dir\release\freetype.tlog\cl.write.1.tlog
c:\mygames\firstrugielikedankaise\build-pc\_deps\freetype-build\freetype.dir\release\freetype.tlog\custombuild.command.1.tlog
c:\mygames\firstrugielikedankaise\build-pc\_deps\freetype-build\freetype.dir\release\freetype.tlog\custombuild.read.1.tlog
c:\mygames\firstrugielikedankaise\build-pc\_deps\freetype-build\freetype.dir\release\freetype.tlog\custombuild.write.1.tlog
c:\mygames\firstrugielikedankaise\build-pc\_deps\freetype-build\freetype.dir\release\freetype.tlog\lib-link-cvtres.read.1.tlog
c:\mygames\firstrugielikedankaise\build-pc\_deps\freetype-build\freetype.dir\release\freetype.tlog\lib-link-cvtres.write.1.tlog
c:\mygames\firstrugielikedankaise\build-pc\_deps\freetype-build\freetype.dir\release\freetype.tlog\lib.command.1.tlog
c:\mygames\firstrugielikedankaise\build-pc\_deps\freetype-build\freetype.dir\release\freetype.tlog\rc.command.1.tlog
c:\mygames\firstrugielikedankaise\build-pc\_deps\freetype-build\freetype.dir\release\freetype.tlog\rc.read.1.tlog
c:\mygames\firstrugielikedankaise\build-pc\_deps\freetype-build\freetype.dir\release\freetype.tlog\rc.write.1.tlog
