[1/1] Linking CXX executable web\isaac.html
FAILED: [code=1] web/isaac.html 
C:\WINDOWS\system32\cmd.exe /C "cd . && C:\MyGames\emsdk\upstream\emscripten\em++.bat  -s USE_WEBGL2=1 -s FULL_ES2=1 -s FETCH=1 -s DISABLE_EXCEPTION_CATCHING=0 --preload-file C:/MyGames/FirstRugieLikeDankaise/assets@/assets --shell-file C:/MyGames/FirstRugieLikeDankaise/web/index.html CMakeFiles/isaac.dir/src/main.cpp.o CMakeFiles/isaac.dir/src/Game.cpp.o CMakeFiles/isaac.dir/src/Player.cpp.o CMakeFiles/isaac.dir/src/Tear.cpp.o CMakeFiles/isaac.dir/src/Bomb.cpp.o CMakeFiles/isaac.dir/src/Room.cpp.o CMakeFiles/isaac.dir/src/Floor.cpp.o CMakeFiles/isaac.dir/src/Map.cpp.o CMakeFiles/isaac.dir/src/rooms/RoomTemplateLoader.cpp.o CMakeFiles/isaac.dir/src/monsters/Monster.cpp.o CMakeFiles/isaac.dir/src/monsters/Fly.cpp.o CMakeFiles/isaac.dir/src/monsters/Spider.cpp.o CMakeFiles/isaac.dir/src/monsters/Knight.cpp.o CMakeFiles/isaac.dir/src/monsters/Leech.cpp.o CMakeFiles/isaac.dir/src/monsters/Boss.cpp.o CMakeFiles/isaac.dir/src/items/ItemList.cpp.o CMakeFiles/isaac.dir/src/ui/HUD.cpp.o -o web\isaac.html  _deps/sfml-build/lib/libsfml-graphics.a  _deps/sfml-build/lib/libsfml-window.a  _deps/sfml-build/lib/libsfml-system.a  _deps/sfml-build/lib/libsfml-audio.a  -lGL  _deps/sfml-build/lib/libsfml-system.a && cd ."
wasm-ld: error: _deps/sfml-build/lib/libsfml-graphics.a(Font.cpp.o): undefined symbol: FT_Stroker_Done
wasm-ld: error: _deps/sfml-build/lib/libsfml-graphics.a(Font.cpp.o): undefined symbol: FT_Done_Face
wasm-ld: error: _deps/sfml-build/lib/libsfml-graphics.a(Font.cpp.o): undefined symbol: FT_Done_FreeType
wasm-ld: error: _deps/sfml-build/lib/libsfml-graphics.a(Font.cpp.o): undefined symbol: FT_Init_FreeType
wasm-ld: error: _deps/sfml-build/lib/libsfml-graphics.a(Font.cpp.o): undefined symbol: FT_New_Face
wasm-ld: error: _deps/sfml-build/lib/libsfml-graphics.a(Font.cpp.o): undefined symbol: FT_Stroker_New
wasm-ld: error: _deps/sfml-build/lib/libsfml-graphics.a(Font.cpp.o): undefined symbol: FT_Done_Face
wasm-ld: error: _deps/sfml-build/lib/libsfml-graphics.a(Font.cpp.o): undefined symbol: FT_Select_Charmap
wasm-ld: error: _deps/sfml-build/lib/libsfml-graphics.a(Font.cpp.o): undefined symbol: FT_Stroker_Done
wasm-ld: error: _deps/sfml-build/lib/libsfml-graphics.a(Font.cpp.o): undefined symbol: FT_Done_Face
wasm-ld: error: _deps/sfml-build/lib/libsfml-graphics.a(Font.cpp.o): undefined symbol: FT_Get_Char_Index
wasm-ld: error: _deps/sfml-build/lib/libsfml-graphics.a(Font.cpp.o): undefined symbol: FT_Load_Char
wasm-ld: error: _deps/sfml-build/lib/libsfml-graphics.a(Font.cpp.o): undefined symbol: FT_Get_Glyph
wasm-ld: error: _deps/sfml-build/lib/libsfml-graphics.a(Font.cpp.o): undefined symbol: FT_Outline_Embolden
wasm-ld: error: _deps/sfml-build/lib/libsfml-graphics.a(Font.cpp.o): undefined symbol: FT_Stroker_Set
wasm-ld: error: _deps/sfml-build/lib/libsfml-graphics.a(Font.cpp.o): undefined symbol: FT_Glyph_Stroke
wasm-ld: error: _deps/sfml-build/lib/libsfml-graphics.a(Font.cpp.o): undefined symbol: FT_Glyph_To_Bitmap
wasm-ld: error: _deps/sfml-build/lib/libsfml-graphics.a(Font.cpp.o): undefined symbol: FT_Bitmap_Embolden
wasm-ld: error: _deps/sfml-build/lib/libsfml-graphics.a(Font.cpp.o): undefined symbol: FT_Done_Glyph
wasm-ld: error: _deps/sfml-build/lib/libsfml-graphics.a(Font.cpp.o): undefined symbol: FT_Set_Pixel_Sizes
wasm-ld: error: too many errors emitted, stopping now (use -error-limit=0 to see all errors)
em++: error: ''C:/MyGames/emsdk/upstream/bin\wasm-ld.exe' -o 'web\isaac.wasm' 'C:\Users\Dankarus\AppData\Local\Temp\tmpqkjan2t5libemscripten_js_symbols.so' --strip-debug --export=emscripten_stack_get_end --export=emscripten_stack_get_free --export=emscripten_stack_get_base --export=emscripten_stack_get_current --export=emscripten_stack_init --export=_emscripten_stack_alloc --export=setThrew --export=__wasm_call_ctors --export=_emscripten_stack_restore --export=strerror --export-if-defined=__start_em_asm --export-if-defined=__stop_em_asm --export-if-defined=__start_em_lib_deps --export-if-defined=__stop_em_lib_deps --export-if-defined=__start_em_js --export-if-defined=__stop_em_js --export-if-defined=main --export-if-defined=__main_argc_argv --export-if-defined=fflush --export-table -z stack-size=65536 --no-growable-memory --initial-heap=16777216 --no-entry --stack-first --table-base=1 CMakeFiles/isaac.dir/src/main.cpp.o CMakeFiles/isaac.dir/src/Game.cpp.o CMakeFiles/isaac.dir/src/Player.cpp.o CMakeFiles/isaac.dir/src/Tear.cpp.o CMakeFiles/isaac.dir/src/Bomb.cpp.o CMakeFiles/isaac.dir/src/Room.cpp.o CMakeFiles/isaac.dir/src/Floor.cpp.o CMakeFiles/isaac.dir/src/Map.cpp.o CMakeFiles/isaac.dir/src/rooms/RoomTemplateLoader.cpp.o CMakeFiles/isaac.dir/src/monsters/Monster.cpp.o CMakeFiles/isaac.dir/src/monsters/Fly.cpp.o CMakeFiles/isaac.dir/src/monsters/Spider.cpp.o CMakeFiles/isaac.dir/src/monsters/Knight.cpp.o CMakeFiles/isaac.dir/src/monsters/Leech.cpp.o CMakeFiles/isaac.dir/src/monsters/Boss.cpp.o CMakeFiles/isaac.dir/src/items/ItemList.cpp.o CMakeFiles/isaac.dir/src/ui/HUD.cpp.o _deps/sfml-build/lib/libsfml-graphics.a _deps/sfml-build/lib/libsfml-window.a _deps/sfml-build/lib/libsfml-system.a _deps/sfml-build/lib/libsfml-audio.a -lGL-webgl2-getprocaddr _deps/sfml-build/lib/libsfml-system.a '-LC:\MyGames\emsdk\upstream\emscripten\cache\sysroot\lib\wasm32-emscripten' '-LC:\MyGames\emsdk\upstream\emscripten\src\lib' -lfetch -lal -lhtml5 -lstubs-debug -lnoexit -lc-debug -ldlmalloc-debug -lcompiler_rt -lc++-debug -lc++abi-debug -lsockets -mllvm -combiner-global-alias-analysis=false -mllvm -enable-emscripten-cxx-exceptions -mllvm -enable-emscripten-sjlj -mllvm -disable-lsr' failed (returned 1)
ninja: build stopped: subcommand failed.
