c:\mygames\firstrugielikedankaise\build-pc\_deps\sfml-build\src\sfml\window\sfml-window.dir\release\inputimpl.obj
c:\mygames\firstrugielikedankaise\build-pc\_deps\sfml-build\src\sfml\window\sfml-window.dir\release\clipboardimpl.obj
c:\mygames\firstrugielikedankaise\build-pc\_deps\sfml-build\src\sfml\window\sfml-window.dir\release\cursorimpl.obj
c:\mygames\firstrugielikedankaise\build-pc\_deps\sfml-build\src\sfml\window\sfml-window.dir\release\windowimpl.obj
c:\mygames\firstrugielikedankaise\build-pc\_deps\sfml-build\src\sfml\window\sfml-window.dir\release\windowbase.obj
c:\mygames\firstrugielikedankaise\build-pc\_deps\sfml-build\src\sfml\window\sfml-window.dir\release\window.obj
c:\mygames\firstrugielikedankaise\build-pc\_deps\sfml-build\src\sfml\window\sfml-window.dir\release\vulkan.obj
c:\mygames\firstrugielikedankaise\build-pc\_deps\sfml-build\src\sfml\window\sfml-window.dir\release\videomode.obj
c:\mygames\firstrugielikedankaise\build-pc\_deps\sfml-build\src\sfml\window\sfml-window.dir\release\sensormanager.obj
c:\mygames\firstrugielikedankaise\build-pc\_deps\sfml-build\src\sfml\window\sfml-window.dir\release\sensor.obj
c:\mygames\firstrugielikedankaise\build-pc\_deps\sfml-build\src\sfml\window\sfml-window.dir\release\touch.obj
c:\mygames\firstrugielikedankaise\build-pc\_deps\sfml-build\src\sfml\window\sfml-window.dir\release\mouse.obj
c:\mygames\firstrugielikedankaise\build-pc\_deps\sfml-build\src\sfml\window\sfml-window.dir\release\keyboard.obj
c:\mygames\firstrugielikedankaise\build-pc\_deps\sfml-build\src\sfml\window\sfml-window.dir\release\joystickmanager.obj
c:\mygames\firstrugielikedankaise\build-pc\_deps\sfml-build\src\sfml\window\sfml-window.dir\release\joystick.obj
c:\mygames\firstrugielikedankaise\build-pc\_deps\sfml-build\src\sfml\window\sfml-window.dir\release\glresource.obj
c:\mygames\firstrugielikedankaise\build-pc\_deps\sfml-build\src\sfml\window\sfml-window.dir\release\glcontext.obj
c:\mygames\firstrugielikedankaise\build-pc\_deps\sfml-build\src\sfml\window\sfml-window.dir\release\cursor.obj
c:\mygames\firstrugielikedankaise\build-pc\_deps\sfml-build\src\sfml\window\sfml-window.dir\release\context.obj
c:\mygames\firstrugielikedankaise\build-pc\_deps\sfml-build\src\sfml\window\sfml-window.dir\release\clipboard.obj
c:\mygames\firstrugielikedankaise\build-pc\_deps\sfml-build\src\sfml\window\sfml-window.dir\release\wglcontext.obj
c:\mygames\firstrugielikedankaise\build-pc\_deps\sfml-build\src\sfml\window\sfml-window.dir\release\windowimplwin32.obj
c:\mygames\firstrugielikedankaise\build-pc\_deps\sfml-build\src\sfml\window\sfml-window.dir\release\vulkanimplwin32.obj
c:\mygames\firstrugielikedankaise\build-pc\_deps\sfml-build\src\sfml\window\sfml-window.dir\release\videomodeimpl.obj
c:\mygames\firstrugielikedankaise\build-pc\_deps\sfml-build\src\sfml\window\sfml-window.dir\release\sensorimpl.obj
c:\mygames\firstrugielikedankaise\build-pc\_deps\sfml-build\src\sfml\window\sfml-window.dir\release\joystickimpl.obj
c:\mygames\firstrugielikedankaise\build-pc\_deps\sfml-build\src\sfml\window\cmakefiles\generate.stamp
c:\mygames\firstrugielikedankaise\build-pc\_deps\sfml-build\lib\release\sfml-window-s.lib
c:\mygames\firstrugielikedankaise\build-pc\_deps\sfml-build\src\sfml\window\sfml-window.dir\release\sfml-window.tlog\cl.command.1.tlog
c:\mygames\firstrugielikedankaise\build-pc\_deps\sfml-build\src\sfml\window\sfml-window.dir\release\sfml-window.tlog\cl.items.tlog
c:\mygames\firstrugielikedankaise\build-pc\_deps\sfml-build\src\sfml\window\sfml-window.dir\release\sfml-window.tlog\cl.read.1.tlog
c:\mygames\firstrugielikedankaise\build-pc\_deps\sfml-build\src\sfml\window\sfml-window.dir\release\sfml-window.tlog\cl.write.1.tlog
c:\mygames\firstrugielikedankaise\build-pc\_deps\sfml-build\src\sfml\window\sfml-window.dir\release\sfml-window.tlog\custombuild.command.1.tlog
c:\mygames\firstrugielikedankaise\build-pc\_deps\sfml-build\src\sfml\window\sfml-window.dir\release\sfml-window.tlog\custombuild.read.1.tlog
c:\mygames\firstrugielikedankaise\build-pc\_deps\sfml-build\src\sfml\window\sfml-window.dir\release\sfml-window.tlog\custombuild.write.1.tlog
c:\mygames\firstrugielikedankaise\build-pc\_deps\sfml-build\src\sfml\window\sfml-window.dir\release\sfml-window.tlog\lib-link.read.1.tlog
c:\mygames\firstrugielikedankaise\build-pc\_deps\sfml-build\src\sfml\window\sfml-window.dir\release\sfml-window.tlog\lib-link.write.1.tlog
c:\mygames\firstrugielikedankaise\build-pc\_deps\sfml-build\src\sfml\window\sfml-window.dir\release\sfml-window.tlog\lib.command.1.tlog
