c:\mygames\firstrugielikedankaise\build-pc\_deps\sfml-build\src\sfml\graphics\sfml-graphics.dir\release\rectangleshape.obj
c:\mygames\firstrugielikedankaise\build-pc\_deps\sfml-build\src\sfml\graphics\sfml-graphics.dir\release\circleshape.obj
c:\mygames\firstrugielikedankaise\build-pc\_deps\sfml-build\src\sfml\graphics\sfml-graphics.dir\release\shape.obj
c:\mygames\firstrugielikedankaise\build-pc\_deps\sfml-build\src\sfml\graphics\sfml-graphics.dir\release\view.obj
c:\mygames\firstrugielikedankaise\build-pc\_deps\sfml-build\src\sfml\graphics\sfml-graphics.dir\release\transformable.obj
c:\mygames\firstrugielikedankaise\build-pc\_deps\sfml-build\src\sfml\graphics\sfml-graphics.dir\release\transform.obj
c:\mygames\firstrugielikedankaise\build-pc\_deps\sfml-build\src\sfml\graphics\sfml-graphics.dir\release\texturesaver.obj
c:\mygames\firstrugielikedankaise\build-pc\_deps\sfml-build\src\sfml\graphics\sfml-graphics.dir\release\texture.obj
c:\mygames\firstrugielikedankaise\build-pc\_deps\sfml-build\src\sfml\graphics\sfml-graphics.dir\release\stencilmode.obj
c:\mygames\firstrugielikedankaise\build-pc\_deps\sfml-build\src\sfml\graphics\sfml-graphics.dir\release\shader.obj
c:\mygames\firstrugielikedankaise\build-pc\_deps\sfml-build\src\sfml\graphics\sfml-graphics.dir\release\renderwindow.obj
c:\mygames\firstrugielikedankaise\build-pc\_deps\sfml-build\src\sfml\graphics\sfml-graphics.dir\release\rendertarget.obj
c:\mygames\firstrugielikedankaise\build-pc\_deps\sfml-build\src\sfml\graphics\sfml-graphics.dir\release\rendertexture.obj
c:\mygames\firstrugielikedankaise\build-pc\_deps\sfml-build\src\sfml\graphics\sfml-graphics.dir\release\renderstates.obj
c:\mygames\firstrugielikedankaise\build-pc\_deps\sfml-build\src\sfml\graphics\sfml-graphics.dir\release\image.obj
c:\mygames\firstrugielikedankaise\build-pc\_deps\sfml-build\src\sfml\graphics\sfml-graphics.dir\release\glextensions.obj
c:\mygames\firstrugielikedankaise\build-pc\_deps\sfml-build\src\sfml\graphics\sfml-graphics.dir\release\glcheck.obj
c:\mygames\firstrugielikedankaise\build-pc\_deps\sfml-build\src\sfml\graphics\sfml-graphics.dir\release\glsl.obj
c:\mygames\firstrugielikedankaise\build-pc\_deps\sfml-build\src\sfml\graphics\sfml-graphics.dir\release\font.obj
c:\mygames\firstrugielikedankaise\build-pc\_deps\sfml-build\src\sfml\graphics\sfml-graphics.dir\release\blendmode.obj
c:\mygames\firstrugielikedankaise\build-pc\_deps\sfml-build\src\sfml\graphics\sfml-graphics.dir\release\rendertextureimpldefault.obj
c:\mygames\firstrugielikedankaise\build-pc\_deps\sfml-build\src\sfml\graphics\sfml-graphics.dir\release\rendertextureimplfbo.obj
c:\mygames\firstrugielikedankaise\build-pc\_deps\sfml-build\src\sfml\graphics\sfml-graphics.dir\release\vertexbuffer.obj
c:\mygames\firstrugielikedankaise\build-pc\_deps\sfml-build\src\sfml\graphics\sfml-graphics.dir\release\vertexarray.obj
c:\mygames\firstrugielikedankaise\build-pc\_deps\sfml-build\src\sfml\graphics\sfml-graphics.dir\release\text.obj
c:\mygames\firstrugielikedankaise\build-pc\_deps\sfml-build\src\sfml\graphics\sfml-graphics.dir\release\sprite.obj
c:\mygames\firstrugielikedankaise\build-pc\_deps\sfml-build\src\sfml\graphics\sfml-graphics.dir\release\convexshape.obj
c:\mygames\firstrugielikedankaise\build-pc\_deps\sfml-build\src\sfml\graphics\cmakefiles\generate.stamp
c:\mygames\firstrugielikedankaise\build-pc\_deps\sfml-build\lib\release\sfml-graphics-s.lib
c:\mygames\firstrugielikedankaise\build-pc\_deps\sfml-build\src\sfml\graphics\sfml-graphics.dir\release\sfml-graphics.tlog\cl.command.1.tlog
c:\mygames\firstrugielikedankaise\build-pc\_deps\sfml-build\src\sfml\graphics\sfml-graphics.dir\release\sfml-graphics.tlog\cl.items.tlog
c:\mygames\firstrugielikedankaise\build-pc\_deps\sfml-build\src\sfml\graphics\sfml-graphics.dir\release\sfml-graphics.tlog\cl.read.1.tlog
c:\mygames\firstrugielikedankaise\build-pc\_deps\sfml-build\src\sfml\graphics\sfml-graphics.dir\release\sfml-graphics.tlog\cl.write.1.tlog
c:\mygames\firstrugielikedankaise\build-pc\_deps\sfml-build\src\sfml\graphics\sfml-graphics.dir\release\sfml-graphics.tlog\custombuild.command.1.tlog
c:\mygames\firstrugielikedankaise\build-pc\_deps\sfml-build\src\sfml\graphics\sfml-graphics.dir\release\sfml-graphics.tlog\custombuild.read.1.tlog
c:\mygames\firstrugielikedankaise\build-pc\_deps\sfml-build\src\sfml\graphics\sfml-graphics.dir\release\sfml-graphics.tlog\custombuild.write.1.tlog
c:\mygames\firstrugielikedankaise\build-pc\_deps\sfml-build\src\sfml\graphics\sfml-graphics.dir\release\sfml-graphics.tlog\lib-link.read.1.tlog
c:\mygames\firstrugielikedankaise\build-pc\_deps\sfml-build\src\sfml\graphics\sfml-graphics.dir\release\sfml-graphics.tlog\lib-link.write.1.tlog
c:\mygames\firstrugielikedankaise\build-pc\_deps\sfml-build\src\sfml\graphics\sfml-graphics.dir\release\sfml-graphics.tlog\lib.command.1.tlog
