c:\mygames\firstrugielikedankaise\build-pc\_deps\vorbis-build\lib\vorbis.dir\release\bitrate.obj
c:\mygames\firstrugielikedankaise\build-pc\_deps\vorbis-build\lib\vorbis.dir\release\lookup.obj
c:\mygames\firstrugielikedankaise\build-pc\_deps\vorbis-build\lib\vorbis.dir\release\sharedbook.obj
c:\mygames\firstrugielikedankaise\build-pc\_deps\vorbis-build\lib\vorbis.dir\release\codebook.obj
c:\mygames\firstrugielikedankaise\build-pc\_deps\vorbis-build\lib\vorbis.dir\release\registry.obj
c:\mygames\firstrugielikedankaise\build-pc\_deps\vorbis-build\lib\vorbis.dir\release\mapping0.obj
c:\mygames\firstrugielikedankaise\build-pc\_deps\vorbis-build\lib\vorbis.dir\release\res0.obj
c:\mygames\firstrugielikedankaise\build-pc\_deps\vorbis-build\lib\vorbis.dir\release\floor0.obj
c:\mygames\firstrugielikedankaise\build-pc\_deps\vorbis-build\lib\vorbis.dir\release\floor1.obj
c:\mygames\firstrugielikedankaise\build-pc\_deps\vorbis-build\lib\vorbis.dir\release\info.obj
c:\mygames\firstrugielikedankaise\build-pc\_deps\vorbis-build\lib\vorbis.dir\release\psy.obj
c:\mygames\firstrugielikedankaise\build-pc\_deps\vorbis-build\lib\vorbis.dir\release\synthesis.obj
c:\mygames\firstrugielikedankaise\build-pc\_deps\vorbis-build\lib\vorbis.dir\release\analysis.obj
c:\mygames\firstrugielikedankaise\build-pc\_deps\vorbis-build\lib\vorbis.dir\release\lpc.obj
c:\mygames\firstrugielikedankaise\build-pc\_deps\vorbis-build\lib\vorbis.dir\release\lsp.obj
c:\mygames\firstrugielikedankaise\build-pc\_deps\vorbis-build\lib\vorbis.dir\release\window.obj
c:\mygames\firstrugielikedankaise\build-pc\_deps\vorbis-build\lib\vorbis.dir\release\envelope.obj
c:\mygames\firstrugielikedankaise\build-pc\_deps\vorbis-build\lib\vorbis.dir\release\block.obj
c:\mygames\firstrugielikedankaise\build-pc\_deps\vorbis-build\lib\vorbis.dir\release\smallft.obj
c:\mygames\firstrugielikedankaise\build-pc\_deps\vorbis-build\lib\vorbis.dir\release\mdct.obj
c:\mygames\firstrugielikedankaise\build-pc\_deps\vorbis-build\lib\vorbis.dir\release\vorbisenc.obj
c:\mygames\firstrugielikedankaise\build-pc\_deps\vorbis-build\lib\cmakefiles\generate.stamp
c:\mygames\firstrugielikedankaise\build-pc\_deps\sfml-build\lib\release\vorbis.lib
c:\mygames\firstrugielikedankaise\build-pc\_deps\vorbis-build\lib\vorbis.dir\release\vorbis.tlog\cl.command.1.tlog
c:\mygames\firstrugielikedankaise\build-pc\_deps\vorbis-build\lib\vorbis.dir\release\vorbis.tlog\cl.items.tlog
c:\mygames\firstrugielikedankaise\build-pc\_deps\vorbis-build\lib\vorbis.dir\release\vorbis.tlog\cl.read.1.tlog
c:\mygames\firstrugielikedankaise\build-pc\_deps\vorbis-build\lib\vorbis.dir\release\vorbis.tlog\cl.write.1.tlog
c:\mygames\firstrugielikedankaise\build-pc\_deps\vorbis-build\lib\vorbis.dir\release\vorbis.tlog\custombuild.command.1.tlog
c:\mygames\firstrugielikedankaise\build-pc\_deps\vorbis-build\lib\vorbis.dir\release\vorbis.tlog\custombuild.read.1.tlog
c:\mygames\firstrugielikedankaise\build-pc\_deps\vorbis-build\lib\vorbis.dir\release\vorbis.tlog\custombuild.write.1.tlog
c:\mygames\firstrugielikedankaise\build-pc\_deps\vorbis-build\lib\vorbis.dir\release\vorbis.tlog\lib-link.read.1.tlog
c:\mygames\firstrugielikedankaise\build-pc\_deps\vorbis-build\lib\vorbis.dir\release\vorbis.tlog\lib-link.write.1.tlog
c:\mygames\firstrugielikedankaise\build-pc\_deps\vorbis-build\lib\vorbis.dir\release\vorbis.tlog\lib.command.1.tlog
