c:\mygames\firstrugielikedankaise\build-pc\_deps\sfml-build\src\sfml\system\sfml-system.dir\release\sleepimpl.obj
c:\mygames\firstrugielikedankaise\build-pc\_deps\sfml-build\src\sfml\system\sfml-system.dir\release\memoryinputstream.obj
c:\mygames\firstrugielikedankaise\build-pc\_deps\sfml-build\src\sfml\system\sfml-system.dir\release\fileinputstream.obj
c:\mygames\firstrugielikedankaise\build-pc\_deps\sfml-build\src\sfml\system\sfml-system.dir\release\vector3.obj
c:\mygames\firstrugielikedankaise\build-pc\_deps\sfml-build\src\sfml\system\sfml-system.dir\release\vector2.obj
c:\mygames\firstrugielikedankaise\build-pc\_deps\sfml-build\src\sfml\system\sfml-system.dir\release\utils.obj
c:\mygames\firstrugielikedankaise\build-pc\_deps\sfml-build\src\sfml\system\sfml-system.dir\release\string.obj
c:\mygames\firstrugielikedankaise\build-pc\_deps\sfml-build\src\sfml\system\sfml-system.dir\release\sleep.obj
c:\mygames\firstrugielikedankaise\build-pc\_deps\sfml-build\src\sfml\system\sfml-system.dir\release\err.obj
c:\mygames\firstrugielikedankaise\build-pc\_deps\sfml-build\src\sfml\system\sfml-system.dir\release\clock.obj
c:\mygames\firstrugielikedankaise\build-pc\_deps\sfml-build\src\sfml\system\cmakefiles\generate.stamp
c:\mygames\firstrugielikedankaise\build-pc\_deps\sfml-build\lib\release\sfml-system-s.lib
c:\mygames\firstrugielikedankaise\build-pc\_deps\sfml-build\src\sfml\system\sfml-system.dir\release\sfml-system.tlog\cl.command.1.tlog
c:\mygames\firstrugielikedankaise\build-pc\_deps\sfml-build\src\sfml\system\sfml-system.dir\release\sfml-system.tlog\cl.items.tlog
c:\mygames\firstrugielikedankaise\build-pc\_deps\sfml-build\src\sfml\system\sfml-system.dir\release\sfml-system.tlog\cl.read.1.tlog
c:\mygames\firstrugielikedankaise\build-pc\_deps\sfml-build\src\sfml\system\sfml-system.dir\release\sfml-system.tlog\cl.write.1.tlog
c:\mygames\firstrugielikedankaise\build-pc\_deps\sfml-build\src\sfml\system\sfml-system.dir\release\sfml-system.tlog\custombuild.command.1.tlog
c:\mygames\firstrugielikedankaise\build-pc\_deps\sfml-build\src\sfml\system\sfml-system.dir\release\sfml-system.tlog\custombuild.read.1.tlog
c:\mygames\firstrugielikedankaise\build-pc\_deps\sfml-build\src\sfml\system\sfml-system.dir\release\sfml-system.tlog\custombuild.write.1.tlog
c:\mygames\firstrugielikedankaise\build-pc\_deps\sfml-build\src\sfml\system\sfml-system.dir\release\sfml-system.tlog\lib-link.read.1.tlog
c:\mygames\firstrugielikedankaise\build-pc\_deps\sfml-build\src\sfml\system\sfml-system.dir\release\sfml-system.tlog\lib-link.write.1.tlog
c:\mygames\firstrugielikedankaise\build-pc\_deps\sfml-build\src\sfml\system\sfml-system.dir\release\sfml-system.tlog\lib.command.1.tlog
