c:\mygames\firstrugielikedankaise\build-pc\_deps\sfml-build\src\sfml\network\sfml-network.dir\release\socketimpl.obj
c:\mygames\firstrugielikedankaise\build-pc\_deps\sfml-build\src\sfml\network\sfml-network.dir\release\udpsocket.obj
c:\mygames\firstrugielikedankaise\build-pc\_deps\sfml-build\src\sfml\network\sfml-network.dir\release\tcpsocket.obj
c:\mygames\firstrugielikedankaise\build-pc\_deps\sfml-build\src\sfml\network\sfml-network.dir\release\tcplistener.obj
c:\mygames\firstrugielikedankaise\build-pc\_deps\sfml-build\src\sfml\network\sfml-network.dir\release\socketselector.obj
c:\mygames\firstrugielikedankaise\build-pc\_deps\sfml-build\src\sfml\network\sfml-network.dir\release\socket.obj
c:\mygames\firstrugielikedankaise\build-pc\_deps\sfml-build\src\sfml\network\sfml-network.dir\release\packet.obj
c:\mygames\firstrugielikedankaise\build-pc\_deps\sfml-build\src\sfml\network\sfml-network.dir\release\ipaddress.obj
c:\mygames\firstrugielikedankaise\build-pc\_deps\sfml-build\src\sfml\network\sfml-network.dir\release\http.obj
c:\mygames\firstrugielikedankaise\build-pc\_deps\sfml-build\src\sfml\network\sfml-network.dir\release\ftp.obj
c:\mygames\firstrugielikedankaise\build-pc\_deps\sfml-build\src\sfml\network\cmakefiles\generate.stamp
c:\mygames\firstrugielikedankaise\build-pc\_deps\sfml-build\lib\release\sfml-network-s.lib
c:\mygames\firstrugielikedankaise\build-pc\_deps\sfml-build\src\sfml\network\sfml-network.dir\release\sfml-network.tlog\cl.command.1.tlog
c:\mygames\firstrugielikedankaise\build-pc\_deps\sfml-build\src\sfml\network\sfml-network.dir\release\sfml-network.tlog\cl.items.tlog
c:\mygames\firstrugielikedankaise\build-pc\_deps\sfml-build\src\sfml\network\sfml-network.dir\release\sfml-network.tlog\cl.read.1.tlog
c:\mygames\firstrugielikedankaise\build-pc\_deps\sfml-build\src\sfml\network\sfml-network.dir\release\sfml-network.tlog\cl.write.1.tlog
c:\mygames\firstrugielikedankaise\build-pc\_deps\sfml-build\src\sfml\network\sfml-network.dir\release\sfml-network.tlog\custombuild.command.1.tlog
c:\mygames\firstrugielikedankaise\build-pc\_deps\sfml-build\src\sfml\network\sfml-network.dir\release\sfml-network.tlog\custombuild.read.1.tlog
c:\mygames\firstrugielikedankaise\build-pc\_deps\sfml-build\src\sfml\network\sfml-network.dir\release\sfml-network.tlog\custombuild.write.1.tlog
c:\mygames\firstrugielikedankaise\build-pc\_deps\sfml-build\src\sfml\network\sfml-network.dir\release\sfml-network.tlog\lib-link.read.1.tlog
c:\mygames\firstrugielikedankaise\build-pc\_deps\sfml-build\src\sfml\network\sfml-network.dir\release\sfml-network.tlog\lib-link.write.1.tlog
c:\mygames\firstrugielikedankaise\build-pc\_deps\sfml-build\src\sfml\network\sfml-network.dir\release\sfml-network.tlog\lib.command.1.tlog
